Batch started: Mon Jul 13 11:43:16 EDT 2026
MEDIA_ROOT=/Users/csev/Desktop/teach/dj4e-media
WHISPER_ROOT=/Users/csev/htdocs/dj4e/whisper
COURSE_HINT=Django for Everybody, DJ4E, Django, Python, web development, Dr. Chuck, Chuck Severance
FROM_LESSONS=1
LESSONS_JSON=/Users/csev/htdocs/dj4e/lessons.json
WHISPER=whisper-cli
MODEL=/Users/csev/models/ggml-medium.bin
VOCAB_FILES:
  /Users/csev/htdocs/dj4e/whisper/dj4e-whisper-vocabulary.txt
REPLACEMENTS_FILES:
  /Users/csev/htdocs/dj4e/whisper/dj4e-whisper-replacements.txt
LOG_FILE=/Users/csev/htdocs/dj4e/whisper/whisper-batch.log
TXT_DIR=/Users/csev/htdocs/dj4e/whisper/txt
VTT_DIR=/Users/csev/htdocs/dj4e/whisper/vtt
SRT_DIR=/Users/csev/htdocs/dj4e/whisper/srt
TMP_DIR=/Users/csev/htdocs/dj4e/whisper/.whisper-tmp
RUN_TMP_DIR=/Users/csev/htdocs/dj4e/whisper/.whisper-tmp/run-16666
SUPPORTS_PROMPT=1
FORCE=1
QUIET_WHISPER=1
==================================================

==================================================
MEDIA: lesson-01-welcome/01-DJ-00-00-Welcome-2024-01-09.m4v
OUTPUT STEM: lesson-01-welcome/01-DJ-00-00-Welcome-2024-01-09
STEP 1: Extracting audio with ffmpeg...
STEP 2: Running whisper-cli...
whisper_init_from_file_with_params_no_state: loading model from '/Users/csev/models/ggml-medium.bin'
whisper_init_with_params_no_state: use gpu    = 1
whisper_init_with_params_no_state: flash attn = 1
whisper_init_with_params_no_state: gpu_device = 0
whisper_init_with_params_no_state: dtw        = 0
ggml_metal_device_init: tensor API disabled for pre-M5 and pre-A19 devices
ggml_metal_library_init: using embedded metal library
ggml_metal_library_init: loaded in 0.007 sec
ggml_metal_rsets_init: creating a residency set collection (keep_alive = 180 s)
ggml_metal_device_init: GPU name:   Apple M1 Pro
ggml_metal_device_init: GPU family: MTLGPUFamilyApple7  (1007)
ggml_metal_device_init: GPU family: MTLGPUFamilyCommon3 (3003)
ggml_metal_device_init: GPU family: MTLGPUFamilyMetal4  (5002)
ggml_metal_device_init: simdgroup reduction   = true
ggml_metal_device_init: simdgroup matrix mul. = true
ggml_metal_device_init: has unified memory    = true
ggml_metal_device_init: has bfloat            = true
ggml_metal_device_init: has tensor            = false
ggml_metal_device_init: use residency sets    = true
ggml_metal_device_init: use shared buffers    = true
ggml_metal_device_init: recommendedMaxWorkingSetSize  = 26800.60 MB
whisper_init_with_params_no_state: devices    = 3
whisper_init_with_params_no_state: backends   = 3
whisper_model_load: loading model
whisper_model_load: n_vocab       = 51865
whisper_model_load: n_audio_ctx   = 1500
whisper_model_load: n_audio_state = 1024
whisper_model_load: n_audio_head  = 16
whisper_model_load: n_audio_layer = 24
whisper_model_load: n_text_ctx    = 448
whisper_model_load: n_text_state  = 1024
whisper_model_load: n_text_head   = 16
whisper_model_load: n_text_layer  = 24
whisper_model_load: n_mels        = 80
whisper_model_load: ftype         = 1
whisper_model_load: qntvr         = 0
whisper_model_load: type          = 4 (medium)
whisper_model_load: adding 1608 extra tokens
whisper_model_load: n_langs       = 99
whisper_model_load:        Metal total size =  1533.14 MB
whisper_model_load: model size    = 1533.14 MB
whisper_backend_init_gpu: device 0: Metal (type: 1)
whisper_backend_init_gpu: found GPU device 0: Metal (type: 1, cnt: 0)
whisper_backend_init_gpu: using Metal backend
ggml_metal_init: allocating
ggml_metal_init: found device: Apple M1 Pro
ggml_metal_init: picking default device: Apple M1 Pro
ggml_metal_init: use fusion         = true
ggml_metal_init: use concurrency    = true
ggml_metal_init: use graph optimize = true
whisper_backend_init: using BLAS backend
whisper_init_state: kv self size  =   50.33 MB
whisper_init_state: kv cross size =  150.99 MB
whisper_init_state: kv pad  size  =    6.29 MB
whisper_init_state: compute buffer (conv)   =   29.53 MB
whisper_init_state: compute buffer (encode) =   53.12 MB
whisper_init_state: compute buffer (cross)  =   20.02 MB
whisper_init_state: compute buffer (decode) =   99.12 MB

system_info: n_threads = 4 / 10 | WHISPER : COREML = 0 | OPENVINO = 0 | Metal : EMBED_LIBRARY = 1 | CPU : NEON = 1 | ARM_FMA = 1 | FP16_VA = 1 | DOTPROD = 1 | ACCELERATE = 1 | REPACK = 1 | 

main: processing '/Users/csev/htdocs/dj4e/whisper/.whisper-tmp/run-16666/work-lesson-01-welcome__01-DJ-00-00-Welcome-2024-01-09/audio.wav' (7245120 samples, 452.8 sec), 4 threads, 1 processors, 5 beams + best of 5, lang = en, task = transcribe, timestamps = 1 ...

whisper_tokenize: too many resulting tokens: 1405 (max 1024)
output_txt: saving output to '/Users/csev/htdocs/dj4e/whisper/.whisper-tmp/run-16666/work-lesson-01-welcome__01-DJ-00-00-Welcome-2024-01-09/output.txt'
output_vtt: saving output to '/Users/csev/htdocs/dj4e/whisper/.whisper-tmp/run-16666/work-lesson-01-welcome__01-DJ-00-00-Welcome-2024-01-09/output.vtt'
output_srt: saving output to '/Users/csev/htdocs/dj4e/whisper/.whisper-tmp/run-16666/work-lesson-01-welcome__01-DJ-00-00-Welcome-2024-01-09/output.srt'

whisper_print_timings:     load time =   534.61 ms
whisper_print_timings:     fallbacks =   0 p /   0 h
whisper_print_timings:      mel time =   173.48 ms
whisper_print_timings:   sample time =  2518.65 ms /  9185 runs (     0.27 ms per run)
whisper_print_timings:   encode time =  6570.76 ms /    16 runs (   410.67 ms per run)
whisper_print_timings:   decode time =    58.69 ms /     6 runs (     9.78 ms per run)
whisper_print_timings:   batchd time = 22674.77 ms /  9099 runs (     2.49 ms per run)
whisper_print_timings:   prompt time =  1262.63 ms /  3632 runs (     0.35 ms per run)
whisper_print_timings:    total time = 34240.09 ms
ggml_metal_free: deallocating
CLEANUP: /Users/csev/htdocs/dj4e/whisper/.whisper-tmp/run-16666/work-lesson-01-welcome__01-DJ-00-00-Welcome-2024-01-09/output.txt
Replacements:
  /Users/csev/htdocs/dj4e/whisper/dj4e-whisper-replacements.txt
Files: 1
NO CHANGES: /Users/csev/htdocs/dj4e/whisper/.whisper-tmp/run-16666/work-lesson-01-welcome__01-DJ-00-00-Welcome-2024-01-09/output.txt
CLEANUP: /Users/csev/htdocs/dj4e/whisper/.whisper-tmp/run-16666/work-lesson-01-welcome__01-DJ-00-00-Welcome-2024-01-09/output.vtt
Replacements:
  /Users/csev/htdocs/dj4e/whisper/dj4e-whisper-replacements.txt
Files: 1
NO CHANGES: /Users/csev/htdocs/dj4e/whisper/.whisper-tmp/run-16666/work-lesson-01-welcome__01-DJ-00-00-Welcome-2024-01-09/output.vtt
CLEANUP: /Users/csev/htdocs/dj4e/whisper/.whisper-tmp/run-16666/work-lesson-01-welcome__01-DJ-00-00-Welcome-2024-01-09/output.srt
Replacements:
  /Users/csev/htdocs/dj4e/whisper/dj4e-whisper-replacements.txt
Files: 1
NO CHANGES: /Users/csev/htdocs/dj4e/whisper/.whisper-tmp/run-16666/work-lesson-01-welcome__01-DJ-00-00-Welcome-2024-01-09/output.srt
DONE: lesson-01-welcome/01-DJ-00-00-Welcome-2024-01-09.m4v
TIMING:
  FFMPEG : 00:00:00
  WHISPER: 00:00:35
  TOTAL  : 00:00:35

==================================================
MEDIA: lesson-01-welcome/02-2025-08-20-AI.m4v
OUTPUT STEM: lesson-01-welcome/02-2025-08-20-AI
STEP 1: Extracting audio with ffmpeg...
STEP 2: Running whisper-cli...
whisper_init_from_file_with_params_no_state: loading model from '/Users/csev/models/ggml-medium.bin'
whisper_init_with_params_no_state: use gpu    = 1
whisper_init_with_params_no_state: flash attn = 1
whisper_init_with_params_no_state: gpu_device = 0
whisper_init_with_params_no_state: dtw        = 0
ggml_metal_device_init: tensor API disabled for pre-M5 and pre-A19 devices
ggml_metal_library_init: using embedded metal library
ggml_metal_library_init: loaded in 0.007 sec
ggml_metal_rsets_init: creating a residency set collection (keep_alive = 180 s)
ggml_metal_device_init: GPU name:   Apple M1 Pro
ggml_metal_device_init: GPU family: MTLGPUFamilyApple7  (1007)
ggml_metal_device_init: GPU family: MTLGPUFamilyCommon3 (3003)
ggml_metal_device_init: GPU family: MTLGPUFamilyMetal4  (5002)
ggml_metal_device_init: simdgroup reduction   = true
ggml_metal_device_init: simdgroup matrix mul. = true
ggml_metal_device_init: has unified memory    = true
ggml_metal_device_init: has bfloat            = true
ggml_metal_device_init: has tensor            = false
ggml_metal_device_init: use residency sets    = true
ggml_metal_device_init: use shared buffers    = true
ggml_metal_device_init: recommendedMaxWorkingSetSize  = 26800.60 MB
whisper_init_with_params_no_state: devices    = 3
whisper_init_with_params_no_state: backends   = 3
whisper_model_load: loading model
whisper_model_load: n_vocab       = 51865
whisper_model_load: n_audio_ctx   = 1500
whisper_model_load: n_audio_state = 1024
whisper_model_load: n_audio_head  = 16
whisper_model_load: n_audio_layer = 24
whisper_model_load: n_text_ctx    = 448
whisper_model_load: n_text_state  = 1024
whisper_model_load: n_text_head   = 16
whisper_model_load: n_text_layer  = 24
whisper_model_load: n_mels        = 80
whisper_model_load: ftype         = 1
whisper_model_load: qntvr         = 0
whisper_model_load: type          = 4 (medium)
whisper_model_load: adding 1608 extra tokens
whisper_model_load: n_langs       = 99
whisper_model_load:        Metal total size =  1533.14 MB
whisper_model_load: model size    = 1533.14 MB
whisper_backend_init_gpu: device 0: Metal (type: 1)
whisper_backend_init_gpu: found GPU device 0: Metal (type: 1, cnt: 0)
whisper_backend_init_gpu: using Metal backend
ggml_metal_init: allocating
ggml_metal_init: found device: Apple M1 Pro
ggml_metal_init: picking default device: Apple M1 Pro
ggml_metal_init: use fusion         = true
ggml_metal_init: use concurrency    = true
ggml_metal_init: use graph optimize = true
whisper_backend_init: using BLAS backend
whisper_init_state: kv self size  =   50.33 MB
whisper_init_state: kv cross size =  150.99 MB
whisper_init_state: kv pad  size  =    6.29 MB
whisper_init_state: compute buffer (conv)   =   29.53 MB
whisper_init_state: compute buffer (encode) =   53.12 MB
whisper_init_state: compute buffer (cross)  =   20.02 MB
whisper_init_state: compute buffer (decode) =   99.12 MB

system_info: n_threads = 4 / 10 | WHISPER : COREML = 0 | OPENVINO = 0 | Metal : EMBED_LIBRARY = 1 | CPU : NEON = 1 | ARM_FMA = 1 | FP16_VA = 1 | DOTPROD = 1 | ACCELERATE = 1 | REPACK = 1 | 

main: processing '/Users/csev/htdocs/dj4e/whisper/.whisper-tmp/run-16666/work-lesson-01-welcome__02-2025-08-20-AI/audio.wav' (15622123 samples, 976.4 sec), 4 threads, 1 processors, 5 beams + best of 5, lang = en, task = transcribe, timestamps = 1 ...

whisper_tokenize: too many resulting tokens: 1403 (max 1024)
output_txt: saving output to '/Users/csev/htdocs/dj4e/whisper/.whisper-tmp/run-16666/work-lesson-01-welcome__02-2025-08-20-AI/output.txt'
output_vtt: saving output to '/Users/csev/htdocs/dj4e/whisper/.whisper-tmp/run-16666/work-lesson-01-welcome__02-2025-08-20-AI/output.vtt'
output_srt: saving output to '/Users/csev/htdocs/dj4e/whisper/.whisper-tmp/run-16666/work-lesson-01-welcome__02-2025-08-20-AI/output.srt'

whisper_print_timings:     load time =   495.96 ms
whisper_print_timings:     fallbacks =   0 p /   0 h
whisper_print_timings:      mel time =   364.60 ms
whisper_print_timings:   sample time =  5599.43 ms / 20442 runs (     0.27 ms per run)
whisper_print_timings:   encode time = 14728.39 ms /    36 runs (   409.12 ms per run)
whisper_print_timings:   decode time =   400.62 ms /    42 runs (     9.54 ms per run)
whisper_print_timings:   batchd time = 50840.87 ms / 20220 runs (     2.51 ms per run)
whisper_print_timings:   prompt time =  2847.19 ms /  8172 runs (     0.35 ms per run)
whisper_print_timings:    total time = 76100.45 ms
ggml_metal_free: deallocating
CLEANUP: /Users/csev/htdocs/dj4e/whisper/.whisper-tmp/run-16666/work-lesson-01-welcome__02-2025-08-20-AI/output.txt
Replacements:
  /Users/csev/htdocs/dj4e/whisper/dj4e-whisper-replacements.txt
Files: 1
NO CHANGES: /Users/csev/htdocs/dj4e/whisper/.whisper-tmp/run-16666/work-lesson-01-welcome__02-2025-08-20-AI/output.txt
CLEANUP: /Users/csev/htdocs/dj4e/whisper/.whisper-tmp/run-16666/work-lesson-01-welcome__02-2025-08-20-AI/output.vtt
Replacements:
  /Users/csev/htdocs/dj4e/whisper/dj4e-whisper-replacements.txt
Files: 1
NO CHANGES: /Users/csev/htdocs/dj4e/whisper/.whisper-tmp/run-16666/work-lesson-01-welcome__02-2025-08-20-AI/output.vtt
CLEANUP: /Users/csev/htdocs/dj4e/whisper/.whisper-tmp/run-16666/work-lesson-01-welcome__02-2025-08-20-AI/output.srt
Replacements:
  /Users/csev/htdocs/dj4e/whisper/dj4e-whisper-replacements.txt
Files: 1
NO CHANGES: /Users/csev/htdocs/dj4e/whisper/.whisper-tmp/run-16666/work-lesson-01-welcome__02-2025-08-20-AI/output.srt
DONE: lesson-01-welcome/02-2025-08-20-AI.m4v
TIMING:
  FFMPEG : 00:00:01
  WHISPER: 00:01:17
  TOTAL  : 00:01:18

==================================================
MEDIA: lesson-02-http/01-Web-01-HTTP-01.m4v
OUTPUT STEM: lesson-02-http/01-Web-01-HTTP-01
STEP 1: Extracting audio with ffmpeg...
STEP 2: Running whisper-cli...
whisper_init_from_file_with_params_no_state: loading model from '/Users/csev/models/ggml-medium.bin'
whisper_init_with_params_no_state: use gpu    = 1
whisper_init_with_params_no_state: flash attn = 1
whisper_init_with_params_no_state: gpu_device = 0
whisper_init_with_params_no_state: dtw        = 0
ggml_metal_device_init: tensor API disabled for pre-M5 and pre-A19 devices
ggml_metal_library_init: using embedded metal library
ggml_metal_library_init: loaded in 0.007 sec
ggml_metal_rsets_init: creating a residency set collection (keep_alive = 180 s)
ggml_metal_device_init: GPU name:   Apple M1 Pro
ggml_metal_device_init: GPU family: MTLGPUFamilyApple7  (1007)
ggml_metal_device_init: GPU family: MTLGPUFamilyCommon3 (3003)
ggml_metal_device_init: GPU family: MTLGPUFamilyMetal4  (5002)
ggml_metal_device_init: simdgroup reduction   = true
ggml_metal_device_init: simdgroup matrix mul. = true
ggml_metal_device_init: has unified memory    = true
ggml_metal_device_init: has bfloat            = true
ggml_metal_device_init: has tensor            = false
ggml_metal_device_init: use residency sets    = true
ggml_metal_device_init: use shared buffers    = true
ggml_metal_device_init: recommendedMaxWorkingSetSize  = 26800.60 MB
whisper_init_with_params_no_state: devices    = 3
whisper_init_with_params_no_state: backends   = 3
whisper_model_load: loading model
whisper_model_load: n_vocab       = 51865
whisper_model_load: n_audio_ctx   = 1500
whisper_model_load: n_audio_state = 1024
whisper_model_load: n_audio_head  = 16
whisper_model_load: n_audio_layer = 24
whisper_model_load: n_text_ctx    = 448
whisper_model_load: n_text_state  = 1024
whisper_model_load: n_text_head   = 16
whisper_model_load: n_text_layer  = 24
whisper_model_load: n_mels        = 80
whisper_model_load: ftype         = 1
whisper_model_load: qntvr         = 0
whisper_model_load: type          = 4 (medium)
whisper_model_load: adding 1608 extra tokens
whisper_model_load: n_langs       = 99
whisper_model_load:        Metal total size =  1533.14 MB
whisper_model_load: model size    = 1533.14 MB
whisper_backend_init_gpu: device 0: Metal (type: 1)
whisper_backend_init_gpu: found GPU device 0: Metal (type: 1, cnt: 0)
whisper_backend_init_gpu: using Metal backend
ggml_metal_init: allocating
ggml_metal_init: found device: Apple M1 Pro
ggml_metal_init: picking default device: Apple M1 Pro
ggml_metal_init: use fusion         = true
ggml_metal_init: use concurrency    = true
ggml_metal_init: use graph optimize = true
whisper_backend_init: using BLAS backend
whisper_init_state: kv self size  =   50.33 MB
whisper_init_state: kv cross size =  150.99 MB
whisper_init_state: kv pad  size  =    6.29 MB
whisper_init_state: compute buffer (conv)   =   29.53 MB
whisper_init_state: compute buffer (encode) =   53.12 MB
whisper_init_state: compute buffer (cross)  =   20.02 MB
whisper_init_state: compute buffer (decode) =   99.12 MB

system_info: n_threads = 4 / 10 | WHISPER : COREML = 0 | OPENVINO = 0 | Metal : EMBED_LIBRARY = 1 | CPU : NEON = 1 | ARM_FMA = 1 | FP16_VA = 1 | DOTPROD = 1 | ACCELERATE = 1 | REPACK = 1 | 

main: processing '/Users/csev/htdocs/dj4e/whisper/.whisper-tmp/run-16666/work-lesson-02-http__01-Web-01-HTTP-01/audio.wav' (5816640 samples, 363.5 sec), 4 threads, 1 processors, 5 beams + best of 5, lang = en, task = transcribe, timestamps = 1 ...

whisper_tokenize: too many resulting tokens: 1402 (max 1024)
output_txt: saving output to '/Users/csev/htdocs/dj4e/whisper/.whisper-tmp/run-16666/work-lesson-02-http__01-Web-01-HTTP-01/output.txt'
output_vtt: saving output to '/Users/csev/htdocs/dj4e/whisper/.whisper-tmp/run-16666/work-lesson-02-http__01-Web-01-HTTP-01/output.vtt'
output_srt: saving output to '/Users/csev/htdocs/dj4e/whisper/.whisper-tmp/run-16666/work-lesson-02-http__01-Web-01-HTTP-01/output.srt'

whisper_print_timings:     load time =   674.10 ms
whisper_print_timings:     fallbacks =   0 p /   0 h
whisper_print_timings:      mel time =   138.52 ms
whisper_print_timings:   sample time =  2248.56 ms /  7735 runs (     0.29 ms per run)
whisper_print_timings:   encode time =  5368.57 ms /    13 runs (   412.97 ms per run)
whisper_print_timings:   decode time =   337.04 ms /    35 runs (     9.63 ms per run)
whisper_print_timings:   batchd time = 19175.26 ms /  7635 runs (     2.51 ms per run)
whisper_print_timings:   prompt time =  1027.08 ms /  2951 runs (     0.35 ms per run)
whisper_print_timings:    total time = 29397.63 ms
ggml_metal_free: deallocating
CLEANUP: /Users/csev/htdocs/dj4e/whisper/.whisper-tmp/run-16666/work-lesson-02-http__01-Web-01-HTTP-01/output.txt
Replacements:
  /Users/csev/htdocs/dj4e/whisper/dj4e-whisper-replacements.txt
Files: 1
NO CHANGES: /Users/csev/htdocs/dj4e/whisper/.whisper-tmp/run-16666/work-lesson-02-http__01-Web-01-HTTP-01/output.txt
CLEANUP: /Users/csev/htdocs/dj4e/whisper/.whisper-tmp/run-16666/work-lesson-02-http__01-Web-01-HTTP-01/output.vtt
Replacements:
  /Users/csev/htdocs/dj4e/whisper/dj4e-whisper-replacements.txt
Files: 1
NO CHANGES: /Users/csev/htdocs/dj4e/whisper/.whisper-tmp/run-16666/work-lesson-02-http__01-Web-01-HTTP-01/output.vtt
CLEANUP: /Users/csev/htdocs/dj4e/whisper/.whisper-tmp/run-16666/work-lesson-02-http__01-Web-01-HTTP-01/output.srt
Replacements:
  /Users/csev/htdocs/dj4e/whisper/dj4e-whisper-replacements.txt
Files: 1
NO CHANGES: /Users/csev/htdocs/dj4e/whisper/.whisper-tmp/run-16666/work-lesson-02-http__01-Web-01-HTTP-01/output.srt
DONE: lesson-02-http/01-Web-01-HTTP-01.m4v
TIMING:
  FFMPEG : 00:00:00
  WHISPER: 00:00:30
  TOTAL  : 00:00:30

==================================================
MEDIA: lesson-02-http/02-Web-01-HTTP-02-Sockets.m4v
OUTPUT STEM: lesson-02-http/02-Web-01-HTTP-02-Sockets
STEP 1: Extracting audio with ffmpeg...
STEP 2: Running whisper-cli...
whisper_init_from_file_with_params_no_state: loading model from '/Users/csev/models/ggml-medium.bin'
whisper_init_with_params_no_state: use gpu    = 1
whisper_init_with_params_no_state: flash attn = 1
whisper_init_with_params_no_state: gpu_device = 0
whisper_init_with_params_no_state: dtw        = 0
ggml_metal_device_init: tensor API disabled for pre-M5 and pre-A19 devices
ggml_metal_library_init: using embedded metal library
ggml_metal_library_init: loaded in 0.007 sec
ggml_metal_rsets_init: creating a residency set collection (keep_alive = 180 s)
ggml_metal_device_init: GPU name:   Apple M1 Pro
ggml_metal_device_init: GPU family: MTLGPUFamilyApple7  (1007)
ggml_metal_device_init: GPU family: MTLGPUFamilyCommon3 (3003)
ggml_metal_device_init: GPU family: MTLGPUFamilyMetal4  (5002)
ggml_metal_device_init: simdgroup reduction   = true
ggml_metal_device_init: simdgroup matrix mul. = true
ggml_metal_device_init: has unified memory    = true
ggml_metal_device_init: has bfloat            = true
ggml_metal_device_init: has tensor            = false
ggml_metal_device_init: use residency sets    = true
ggml_metal_device_init: use shared buffers    = true
ggml_metal_device_init: recommendedMaxWorkingSetSize  = 26800.60 MB
whisper_init_with_params_no_state: devices    = 3
whisper_init_with_params_no_state: backends   = 3
whisper_model_load: loading model
whisper_model_load: n_vocab       = 51865
whisper_model_load: n_audio_ctx   = 1500
whisper_model_load: n_audio_state = 1024
whisper_model_load: n_audio_head  = 16
whisper_model_load: n_audio_layer = 24
whisper_model_load: n_text_ctx    = 448
whisper_model_load: n_text_state  = 1024
whisper_model_load: n_text_head   = 16
whisper_model_load: n_text_layer  = 24
whisper_model_load: n_mels        = 80
whisper_model_load: ftype         = 1
whisper_model_load: qntvr         = 0
whisper_model_load: type          = 4 (medium)
whisper_model_load: adding 1608 extra tokens
whisper_model_load: n_langs       = 99
whisper_model_load:        Metal total size =  1533.14 MB
whisper_model_load: model size    = 1533.14 MB
whisper_backend_init_gpu: device 0: Metal (type: 1)
whisper_backend_init_gpu: found GPU device 0: Metal (type: 1, cnt: 0)
whisper_backend_init_gpu: using Metal backend
ggml_metal_init: allocating
ggml_metal_init: found device: Apple M1 Pro
ggml_metal_init: picking default device: Apple M1 Pro
ggml_metal_init: use fusion         = true
ggml_metal_init: use concurrency    = true
ggml_metal_init: use graph optimize = true
whisper_backend_init: using BLAS backend
whisper_init_state: kv self size  =   50.33 MB
whisper_init_state: kv cross size =  150.99 MB
whisper_init_state: kv pad  size  =    6.29 MB
whisper_init_state: compute buffer (conv)   =   29.53 MB
whisper_init_state: compute buffer (encode) =   53.12 MB
whisper_init_state: compute buffer (cross)  =   20.02 MB
whisper_init_state: compute buffer (decode) =   99.12 MB

system_info: n_threads = 4 / 10 | WHISPER : COREML = 0 | OPENVINO = 0 | Metal : EMBED_LIBRARY = 1 | CPU : NEON = 1 | ARM_FMA = 1 | FP16_VA = 1 | DOTPROD = 1 | ACCELERATE = 1 | REPACK = 1 | 

main: processing '/Users/csev/htdocs/dj4e/whisper/.whisper-tmp/run-16666/work-lesson-02-http__02-Web-01-HTTP-02-Sockets/audio.wav' (6309184 samples, 394.3 sec), 4 threads, 1 processors, 5 beams + best of 5, lang = en, task = transcribe, timestamps = 1 ...

whisper_tokenize: too many resulting tokens: 1405 (max 1024)
output_txt: saving output to '/Users/csev/htdocs/dj4e/whisper/.whisper-tmp/run-16666/work-lesson-02-http__02-Web-01-HTTP-02-Sockets/output.txt'
output_vtt: saving output to '/Users/csev/htdocs/dj4e/whisper/.whisper-tmp/run-16666/work-lesson-02-http__02-Web-01-HTTP-02-Sockets/output.vtt'
output_srt: saving output to '/Users/csev/htdocs/dj4e/whisper/.whisper-tmp/run-16666/work-lesson-02-http__02-Web-01-HTTP-02-Sockets/output.srt'

whisper_print_timings:     load time =   573.99 ms
whisper_print_timings:     fallbacks =   0 p /   0 h
whisper_print_timings:      mel time =   150.91 ms
whisper_print_timings:   sample time =  2407.24 ms /  8425 runs (     0.29 ms per run)
whisper_print_timings:   encode time =  5748.56 ms /    14 runs (   410.61 ms per run)
whisper_print_timings:   decode time =   163.35 ms /    17 runs (     9.61 ms per run)
whisper_print_timings:   batchd time = 20939.63 ms /  8338 runs (     2.51 ms per run)
whisper_print_timings:   prompt time =  1105.99 ms /  3178 runs (     0.35 ms per run)
whisper_print_timings:    total time = 31439.92 ms
ggml_metal_free: deallocating
CLEANUP: /Users/csev/htdocs/dj4e/whisper/.whisper-tmp/run-16666/work-lesson-02-http__02-Web-01-HTTP-02-Sockets/output.txt
Replacements:
  /Users/csev/htdocs/dj4e/whisper/dj4e-whisper-replacements.txt
Files: 1
NO CHANGES: /Users/csev/htdocs/dj4e/whisper/.whisper-tmp/run-16666/work-lesson-02-http__02-Web-01-HTTP-02-Sockets/output.txt
CLEANUP: /Users/csev/htdocs/dj4e/whisper/.whisper-tmp/run-16666/work-lesson-02-http__02-Web-01-HTTP-02-Sockets/output.vtt
Replacements:
  /Users/csev/htdocs/dj4e/whisper/dj4e-whisper-replacements.txt
Files: 1
NO CHANGES: /Users/csev/htdocs/dj4e/whisper/.whisper-tmp/run-16666/work-lesson-02-http__02-Web-01-HTTP-02-Sockets/output.vtt
CLEANUP: /Users/csev/htdocs/dj4e/whisper/.whisper-tmp/run-16666/work-lesson-02-http__02-Web-01-HTTP-02-Sockets/output.srt
Replacements:
  /Users/csev/htdocs/dj4e/whisper/dj4e-whisper-replacements.txt
Files: 1
NO CHANGES: /Users/csev/htdocs/dj4e/whisper/.whisper-tmp/run-16666/work-lesson-02-http__02-Web-01-HTTP-02-Sockets/output.srt
DONE: lesson-02-http/02-Web-01-HTTP-02-Sockets.m4v
TIMING:
  FFMPEG : 00:00:01
  WHISPER: 00:00:32
  TOTAL  : 00:00:33

==================================================
MEDIA: lesson-02-http/03-Web-01-HTTP-03-HTTP.m4v
OUTPUT STEM: lesson-02-http/03-Web-01-HTTP-03-HTTP
STEP 1: Extracting audio with ffmpeg...
STEP 2: Running whisper-cli...
whisper_init_from_file_with_params_no_state: loading model from '/Users/csev/models/ggml-medium.bin'
whisper_init_with_params_no_state: use gpu    = 1
whisper_init_with_params_no_state: flash attn = 1
whisper_init_with_params_no_state: gpu_device = 0
whisper_init_with_params_no_state: dtw        = 0
ggml_metal_device_init: tensor API disabled for pre-M5 and pre-A19 devices
ggml_metal_library_init: using embedded metal library
ggml_metal_library_init: loaded in 0.018 sec
ggml_metal_rsets_init: creating a residency set collection (keep_alive = 180 s)
ggml_metal_device_init: GPU name:   Apple M1 Pro
ggml_metal_device_init: GPU family: MTLGPUFamilyApple7  (1007)
ggml_metal_device_init: GPU family: MTLGPUFamilyCommon3 (3003)
ggml_metal_device_init: GPU family: MTLGPUFamilyMetal4  (5002)
ggml_metal_device_init: simdgroup reduction   = true
ggml_metal_device_init: simdgroup matrix mul. = true
ggml_metal_device_init: has unified memory    = true
ggml_metal_device_init: has bfloat            = true
ggml_metal_device_init: has tensor            = false
ggml_metal_device_init: use residency sets    = true
ggml_metal_device_init: use shared buffers    = true
ggml_metal_device_init: recommendedMaxWorkingSetSize  = 26800.60 MB
whisper_init_with_params_no_state: devices    = 3
whisper_init_with_params_no_state: backends   = 3
whisper_model_load: loading model
whisper_model_load: n_vocab       = 51865
whisper_model_load: n_audio_ctx   = 1500
whisper_model_load: n_audio_state = 1024
whisper_model_load: n_audio_head  = 16
whisper_model_load: n_audio_layer = 24
whisper_model_load: n_text_ctx    = 448
whisper_model_load: n_text_state  = 1024
whisper_model_load: n_text_head   = 16
whisper_model_load: n_text_layer  = 24
whisper_model_load: n_mels        = 80
whisper_model_load: ftype         = 1
whisper_model_load: qntvr         = 0
whisper_model_load: type          = 4 (medium)
whisper_model_load: adding 1608 extra tokens
whisper_model_load: n_langs       = 99
whisper_model_load:        Metal total size =  1533.14 MB
whisper_model_load: model size    = 1533.14 MB
whisper_backend_init_gpu: device 0: Metal (type: 1)
whisper_backend_init_gpu: found GPU device 0: Metal (type: 1, cnt: 0)
whisper_backend_init_gpu: using Metal backend
ggml_metal_init: allocating
ggml_metal_init: found device: Apple M1 Pro
ggml_metal_init: picking default device: Apple M1 Pro
ggml_metal_init: use fusion         = true
ggml_metal_init: use concurrency    = true
ggml_metal_init: use graph optimize = true
whisper_backend_init: using BLAS backend
whisper_init_state: kv self size  =   50.33 MB
whisper_init_state: kv cross size =  150.99 MB
whisper_init_state: kv pad  size  =    6.29 MB
whisper_init_state: compute buffer (conv)   =   29.53 MB
whisper_init_state: compute buffer (encode) =   53.12 MB
whisper_init_state: compute buffer (cross)  =   20.02 MB
whisper_init_state: compute buffer (decode) =   99.12 MB

system_info: n_threads = 4 / 10 | WHISPER : COREML = 0 | OPENVINO = 0 | Metal : EMBED_LIBRARY = 1 | CPU : NEON = 1 | ARM_FMA = 1 | FP16_VA = 1 | DOTPROD = 1 | ACCELERATE = 1 | REPACK = 1 | 

main: processing '/Users/csev/htdocs/dj4e/whisper/.whisper-tmp/run-16666/work-lesson-02-http__03-Web-01-HTTP-03-HTTP/audio.wav' (15813269 samples, 988.3 sec), 4 threads, 1 processors, 5 beams + best of 5, lang = en, task = transcribe, timestamps = 1 ...

whisper_tokenize: too many resulting tokens: 1403 (max 1024)
